<?xml version="1.0" encoding="UTF-8"?>
<!-- Generated by org.testng.reporters.JUnitXMLReporter -->
<testsuite hostname="DESKTOP-S2OPTP4" ignored="0" name="Default test" tests="3" failures="0" timestamp="2022-09-24T19:56:11 IST" time="231.796" errors="0">
  <testcase name="verifyOrangeHrmLogoTC_02" time="13.636" classname="com.vtechsolution.orangehrm.test_cases.Login_TC01"/>
  <testcase name="VerifyOrangeHrmPageTitleTC_03" time="0.011" classname="com.vtechsolution.orangehrm.test_cases.Login_TC01"/>
  <testcase name="verifyloginTestTC_01" time="11.19" classname="com.vtechsolution.orangehrm.test_cases.Login_TC01"/>
</testsuite> <!-- Default test -->
