<?xml version="1.0" encoding="UTF-8"?>
<testng-results skipped="0" failed="0" ignored="0" total="3" passed="3">
  <reporter-output>
  </reporter-output>
  <suite name="Default suite" duration-ms="231796" started-at="2022-09-24T19:52:19 IST" finished-at="2022-09-24T19:56:10 IST">
    <groups>
    </groups>
    <test name="Default test" duration-ms="231796" started-at="2022-09-24T19:52:19 IST" finished-at="2022-09-24T19:56:10 IST">
      <class name="com.vtechsolution.orangehrm.test_cases.Login_TC01">
        <test-method status="PASS" signature="init()[pri:0, instance:com.vtechsolution.orangehrm.test_cases.Login_TC01@646007f4]" name="init" is-config="true" duration-ms="4966" started-at="2022-09-24T19:52:14 IST" finished-at="2022-09-24T19:52:19 IST">
          <reporter-output>
          </reporter-output>
        </test-method> <!-- init -->
        <test-method status="PASS" signature="setUp(java.lang.String)[pri:0, instance:com.vtechsolution.orangehrm.test_cases.Login_TC01@646007f4]" name="setUp" is-config="true" duration-ms="112840" started-at="2022-09-24T19:52:19 IST" finished-at="2022-09-24T19:54:12 IST">
          <params>
            <param index="0">
              <value>
                <![CDATA[chrome]]>
              </value>
            </param>
          </params>
          <reporter-output>
          </reporter-output>
        </test-method> <!-- setUp -->
        <test-method status="PASS" signature="verifyOrangeHrmLogoTC_02()[pri:1, instance:com.vtechsolution.orangehrm.test_cases.Login_TC01@646007f4]" name="verifyOrangeHrmLogoTC_02" duration-ms="13636" started-at="2022-09-24T19:54:12 IST" finished-at="2022-09-24T19:54:25 IST">
          <reporter-output>
          </reporter-output>
        </test-method> <!-- verifyOrangeHrmLogoTC_02 -->
        <test-method status="PASS" signature="tearDown()[pri:0, instance:com.vtechsolution.orangehrm.test_cases.Login_TC01@646007f4]" name="tearDown" is-config="true" duration-ms="3074" started-at="2022-09-24T19:54:25 IST" finished-at="2022-09-24T19:54:28 IST">
          <reporter-output>
          </reporter-output>
        </test-method> <!-- tearDown -->
        <test-method status="PASS" signature="setUp(java.lang.String)[pri:0, instance:com.vtechsolution.orangehrm.test_cases.Login_TC01@646007f4]" name="setUp" is-config="true" duration-ms="39873" started-at="2022-09-24T19:54:28 IST" finished-at="2022-09-24T19:55:08 IST">
          <params>
            <param index="0">
              <value>
                <![CDATA[chrome]]>
              </value>
            </param>
          </params>
          <reporter-output>
          </reporter-output>
        </test-method> <!-- setUp -->
        <test-method status="PASS" signature="VerifyOrangeHrmPageTitleTC_03()[pri:2, instance:com.vtechsolution.orangehrm.test_cases.Login_TC01@646007f4]" name="VerifyOrangeHrmPageTitleTC_03" duration-ms="11" started-at="2022-09-24T19:55:08 IST" finished-at="2022-09-24T19:55:08 IST">
          <reporter-output>
          </reporter-output>
        </test-method> <!-- VerifyOrangeHrmPageTitleTC_03 -->
        <test-method status="PASS" signature="tearDown()[pri:0, instance:com.vtechsolution.orangehrm.test_cases.Login_TC01@646007f4]" name="tearDown" is-config="true" duration-ms="2142" started-at="2022-09-24T19:55:08 IST" finished-at="2022-09-24T19:55:10 IST">
          <reporter-output>
          </reporter-output>
        </test-method> <!-- tearDown -->
        <test-method status="PASS" signature="setUp(java.lang.String)[pri:0, instance:com.vtechsolution.orangehrm.test_cases.Login_TC01@646007f4]" name="setUp" is-config="true" duration-ms="44617" started-at="2022-09-24T19:55:10 IST" finished-at="2022-09-24T19:55:55 IST">
          <params>
            <param index="0">
              <value>
                <![CDATA[chrome]]>
              </value>
            </param>
          </params>
          <reporter-output>
          </reporter-output>
        </test-method> <!-- setUp -->
        <test-method status="PASS" signature="verifyloginTestTC_01()[pri:4, instance:com.vtechsolution.orangehrm.test_cases.Login_TC01@646007f4]" name="verifyloginTestTC_01" duration-ms="11190" started-at="2022-09-24T19:55:55 IST" finished-at="2022-09-24T19:56:06 IST">
          <reporter-output>
          </reporter-output>
        </test-method> <!-- verifyloginTestTC_01 -->
        <test-method status="PASS" signature="tearDown()[pri:0, instance:com.vtechsolution.orangehrm.test_cases.Login_TC01@646007f4]" name="tearDown" is-config="true" duration-ms="2683" started-at="2022-09-24T19:56:06 IST" finished-at="2022-09-24T19:56:09 IST">
          <reporter-output>
          </reporter-output>
        </test-method> <!-- tearDown -->
        <test-method status="PASS" signature="extentflush()[pri:0, instance:com.vtechsolution.orangehrm.test_cases.Login_TC01@646007f4]" name="extentflush" is-config="true" duration-ms="1628" started-at="2022-09-24T19:56:09 IST" finished-at="2022-09-24T19:56:10 IST">
          <reporter-output>
          </reporter-output>
        </test-method> <!-- extentflush -->
      </class> <!-- com.vtechsolution.orangehrm.test_cases.Login_TC01 -->
    </test> <!-- Default test -->
  </suite> <!-- Default suite -->
</testng-results>
